<?xml version="1.0" encoding="UTF-8"?>
<testng-results skipped="0" failed="0" total="1" passed="1">
  <reporter-output>
    <line>
      <![CDATA[Searched Flight Page is dispalyed ]]>
    </line>
    <line>
      <![CDATA[Booked the flight ]]>
    </line>
    <line>
      <![CDATA[Traveller details entered]]>
    </line>
  </reporter-output>
  <suite name="Default suite" duration-ms="98347" started-at="2017-08-06T07:44:34Z" finished-at="2017-08-06T07:46:12Z">
    <groups>
    </groups>
    <test name="Default test" duration-ms="98347" started-at="2017-08-06T07:44:34Z" finished-at="2017-08-06T07:46:12Z">
      <class name="testcaseClearTrip.ClearTripScenario">
        <test-method status="PASS" signature="first()[pri:0, instance:testcaseClearTrip.ClearTripScenario@1deb50e]" name="first" is-config="true" duration-ms="22889" started-at="2017-08-06T13:14:34Z" finished-at="2017-08-06T13:14:57Z">
          <reporter-output>
          </reporter-output>
        </test-method> <!-- first -->
        <test-method status="PASS" signature="Registration()[pri:0, instance:testcaseClearTrip.ClearTripScenario@1deb50e]" name="Registration" duration-ms="70284" started-at="2017-08-06T13:14:57Z" finished-at="2017-08-06T13:16:07Z">
          <reporter-output>
            <line>
              <![CDATA[Searched Flight Page is dispalyed ]]>
            </line>
            <line>
              <![CDATA[Booked the flight ]]>
            </line>
            <line>
              <![CDATA[Traveller details entered]]>
            </line>
          </reporter-output>
        </test-method> <!-- Registration -->
        <test-method status="PASS" signature="last()[pri:0, instance:testcaseClearTrip.ClearTripScenario@1deb50e]" name="last" is-config="true" duration-ms="5143" started-at="2017-08-06T13:16:07Z" finished-at="2017-08-06T13:16:12Z">
          <reporter-output>
          </reporter-output>
        </test-method> <!-- last -->
      </class> <!-- testcaseClearTrip.ClearTripScenario -->
    </test> <!-- Default test -->
  </suite> <!-- Default suite -->
</testng-results>
